2023-08-06 05:28:57.812464 - Initialized conversion of CBT600
2023-08-06 05:28:57.983679 - Received CBT.V505.FILE600.PDS from FILE600.XMI 
2023-08-06 05:28:57.985921 - Found $$$#DATE.txt (text/plain) in CBT.V505.FILE600.PDS, moved to PDS/$$$#DATE
2023-08-06 05:28:57.987079 - Found $$NOTE1.txt (text/plain) in CBT.V505.FILE600.PDS, moved to PDS/$$NOTE1
2023-08-06 05:28:57.988023 - Found $$NOTE2.txt (text/plain) in CBT.V505.FILE600.PDS, moved to PDS/$$NOTE2
2023-08-06 05:28:57.989013 - Found $$README.txt (text/plain) in CBT.V505.FILE600.PDS, moved to PDS/$$README
2023-08-06 05:28:57.989990 - Found $CHANGES.txt (text/plain) in CBT.V505.FILE600.PDS, moved to PDS/$CHANGES
2023-08-06 05:28:57.990937 - Found $CONTACT.txt (text/plain) in CBT.V505.FILE600.PDS, moved to PDS/$CONTACT
2023-08-06 05:28:57.992832 - De-xmi-ed $DOCFTPC to CBT600/docs/$DOCFTPC.pdf
2023-08-06 05:28:57.993888 - Found $INDEX.txt (text/plain) in CBT.V505.FILE600.PDS, moved to PDS/$INDEX
2023-08-06 05:28:57.994882 - Found @FILE600.txt (text/plain) in CBT.V505.FILE600.PDS, moved to PDS/@FILE600
2023-08-06 05:28:57.995779 - Found FTPDOC.jcl (text/plain) in CBT.V505.FILE600.PDS, moved to PDS/FTPDOC
2023-08-06 05:28:57.996691 - Found PACKAGEJ.jcl (text/plain) in CBT.V505.FILE600.PDS, moved to PDS/PACKAGEJ
2023-08-06 05:28:57.997602 - Found RECV.rexx (text/plain) in CBT.V505.FILE600.PDS, moved to PDS/RECV
2023-08-06 05:28:58.108261 - Found XMITPDSA.xmi (application/xmit) in CBT.V505.FILE600.PDS
2023-08-06 05:28:58.126196   - Received to CBT600/FILE600.ASM
2023-08-06 05:28:58.367903 - Found XMITPDSC.xmi (application/xmit) in CBT.V505.FILE600.PDS
2023-08-06 05:28:58.401902   - Received to CBT600/C.PDS
2023-08-06 05:28:58.439293 - Found XMITPDSO.xmi (application/xmit) in CBT.V505.FILE600.PDS
2023-08-06 05:28:58.452842   - Received to CBT600/OBJ.PDS
2023-08-06 05:28:58.507890 - Found XMITPDSR.xmi (application/xmit) in CBT.V505.FILE600.PDS
2023-08-06 05:28:58.516721   - Received to CBT600/REXX.PDS
